{"/home/vladimir/workspace/nodejs/nestjs-projects/task-management/src/auth/jwt.strategy.ts": {"path":"/home/vladimir/workspace/nodejs/nestjs-projects/task-management/src/auth/jwt.strategy.ts","statementMap":{"0":{"start":{"line":1,"column":0},"end":{"line":1,"column":52}},"1":{"start":{"line":2,"column":0},"end":{"line":2,"column":52}},"2":{"start":{"line":3,"column":0},"end":{"line":3,"column":67}},"3":{"start":{"line":4,"column":0},"end":{"line":4,"column":51}},"4":{"start":{"line":5,"column":0},"end":{"line":5,"column":33}},"5":{"start":{"line":8,"column":0},"end":{"line":8,"column":51}},"6":{"start":{"line":12,"column":0},"end":{"line":33,"column":null}},"7":{"start":{"line":17,"column":4},"end":{"line":20,"column":7}},"8":{"start":{"line":15,"column":12},"end":{"line":15,"column":28}},"9":{"start":{"line":24,"column":25},"end":{"line":24,"column":32}},"10":{"start":{"line":25,"column":17},"end":{"line":25,"column":64}},"11":{"start":{"line":27,"column":4},"end":{"line":29,"column":null}},"12":{"start":{"line":28,"column":6},"end":{"line":28,"column":40}},"13":{"start":{"line":31,"column":4},"end":{"line":31,"column":16}},"14":{"start":{"line":12,"column":13},"end":{"line":33,"column":null}},"15":{"start":{"line":12,"column":13},"end":{"line":12,"column":24}}},"fnMap":{"0":{"name":"(anonymous_4)","decl":{"start":{"line":13,"column":2},"end":{"line":13,"column":null}},"loc":{"start":{"line":15,"column":42},"end":{"line":21,"column":3}}},"1":{"name":"(anonymous_5)","decl":{"start":{"line":23,"column":2},"end":{"line":23,"column":7}},"loc":{"start":{"line":23,"column":36},"end":{"line":32,"column":3}}}},"branchMap":{"0":{"loc":{"start":{"line":19,"column":19},"end":{"line":19,"column":41}},"type":"binary-expr","locations":[{"start":{"line":19,"column":19},"end":{"line":19,"column":41}},{"start":{"line":19,"column":45},"end":{"line":19,"column":69}}]},"1":{"loc":{"start":{"line":27,"column":4},"end":{"line":29,"column":null}},"type":"if","locations":[{"start":{"line":27,"column":4},"end":{"line":29,"column":null}},{"start":{"line":27,"column":4},"end":{"line":29,"column":null}}]}},"s":{"0":1,"1":1,"2":1,"3":1,"4":1,"5":1,"6":1,"7":2,"8":2,"9":2,"10":2,"11":2,"12":1,"13":1,"14":1,"15":1},"f":{"0":2,"1":2},"b":{"0":[2,2],"1":[1,1]}}
,"/home/vladimir/workspace/nodejs/nestjs-projects/task-management/src/auth/user.entity.ts": {"path":"/home/vladimir/workspace/nodejs/nestjs-projects/task-management/src/auth/user.entity.ts","statementMap":{"0":{"start":{"line":1,"column":0},"end":{"line":1,"column":null}},"1":{"start":{"line":9,"column":0},"end":{"line":9,"column":35}},"2":{"start":{"line":10,"column":0},"end":{"line":10,"column":44}},"3":{"start":{"line":13,"column":0},"end":{"line":34,"column":null}},"4":{"start":{"line":31,"column":17},"end":{"line":31,"column":55}},"5":{"start":{"line":32,"column":4},"end":{"line":32,"column":34}},"6":{"start":{"line":15,"column":2},"end":{"line":15,"column":null}},"7":{"start":{"line":19,"column":2},"end":{"line":19,"column":null}},"8":{"start":{"line":22,"column":2},"end":{"line":22,"column":null}},"9":{"start":{"line":25,"column":2},"end":{"line":25,"column":null}},"10":{"start":{"line":28,"column":2},"end":{"line":28,"column":null}},"11":{"start":{"line":27,"column":21},"end":{"line":27,"column":25}},"12":{"start":{"line":27,"column":35},"end":{"line":27,"column":44}},"13":{"start":{"line":13,"column":13},"end":{"line":34,"column":null}},"14":{"start":{"line":13,"column":13},"end":{"line":13,"column":17}}},"fnMap":{"0":{"name":"(anonymous_2)","decl":{"start":{"line":30,"column":2},"end":{"line":30,"column":7}},"loc":{"start":{"line":30,"column":41},"end":{"line":33,"column":3}}},"1":{"name":"(anonymous_3)","decl":{"start":{"line":27,"column":13},"end":{"line":27,"column":17}},"loc":{"start":{"line":27,"column":21},"end":{"line":27,"column":25}}},"2":{"name":"(anonymous_4)","decl":{"start":{"line":27,"column":27},"end":{"line":27,"column":31}},"loc":{"start":{"line":27,"column":35},"end":{"line":27,"column":44}}}},"branchMap":{},"s":{"0":4,"1":4,"2":4,"3":4,"4":2,"5":2,"6":4,"7":4,"8":4,"9":4,"10":4,"11":0,"12":0,"13":4,"14":4},"f":{"0":2,"1":0,"2":0},"b":{}}
,"/home/vladimir/workspace/nodejs/nestjs-projects/task-management/src/auth/user.repository.ts": {"path":"/home/vladimir/workspace/nodejs/nestjs-projects/task-management/src/auth/user.repository.ts","statementMap":{"0":{"start":{"line":1,"column":0},"end":{"line":1,"column":55}},"1":{"start":{"line":3,"column":0},"end":{"line":3,"column":37}},"2":{"start":{"line":5,"column":0},"end":{"line":5,"column":null}},"3":{"start":{"line":9,"column":0},"end":{"line":9,"column":35}},"4":{"start":{"line":12,"column":0},"end":{"line":53,"column":null}},"5":{"start":{"line":14,"column":35},"end":{"line":14,"column":53}},"6":{"start":{"line":16,"column":17},"end":{"line":16,"column":39}},"7":{"start":{"line":18,"column":17},"end":{"line":18,"column":30}},"8":{"start":{"line":19,"column":4},"end":{"line":19,"column":29}},"9":{"start":{"line":20,"column":4},"end":{"line":20,"column":60}},"10":{"start":{"line":21,"column":4},"end":{"line":21,"column":21}},"11":{"start":{"line":23,"column":4},"end":{"line":34,"column":null}},"12":{"start":{"line":24,"column":6},"end":{"line":24,"column":24}},"13":{"start":{"line":26,"column":6},"end":{"line":33,"column":null}},"14":{"start":{"line":27,"column":8},"end":{"line":30,"column":10}},"15":{"start":{"line":32,"column":8},"end":{"line":32,"column":49}},"16":{"start":{"line":40,"column":35},"end":{"line":40,"column":53}},"17":{"start":{"line":42,"column":17},"end":{"line":42,"column":49}},"18":{"start":{"line":43,"column":4},"end":{"line":47,"column":null}},"19":{"start":{"line":44,"column":6},"end":{"line":44,"column":27}},"20":{"start":{"line":46,"column":6},"end":{"line":46,"column":18}},"21":{"start":{"line":51,"column":4},"end":{"line":51,"column":39}},"22":{"start":{"line":12,"column":13},"end":{"line":53,"column":null}},"23":{"start":{"line":12,"column":13},"end":{"line":12,"column":27}}},"fnMap":{"0":{"name":"(anonymous_1)","decl":{"start":{"line":13,"column":2},"end":{"line":13,"column":7}},"loc":{"start":{"line":13,"column":53},"end":{"line":35,"column":3}}},"1":{"name":"(anonymous_2)","decl":{"start":{"line":37,"column":2},"end":{"line":37,"column":7}},"loc":{"start":{"line":38,"column":42},"end":{"line":48,"column":3}}},"2":{"name":"(anonymous_3)","decl":{"start":{"line":50,"column":10},"end":{"line":50,"column":22}},"loc":{"start":{"line":50,"column":53},"end":{"line":52,"column":3}}}},"branchMap":{"0":{"loc":{"start":{"line":26,"column":6},"end":{"line":33,"column":null}},"type":"if","locations":[{"start":{"line":26,"column":6},"end":{"line":33,"column":null}},{"start":{"line":26,"column":6},"end":{"line":33,"column":null}}]},"1":{"loc":{"start":{"line":43,"column":4},"end":{"line":47,"column":null}},"type":"if","locations":[{"start":{"line":43,"column":4},"end":{"line":47,"column":null}},{"start":{"line":43,"column":4},"end":{"line":47,"column":null}}]},"2":{"loc":{"start":{"line":43,"column":8},"end":{"line":43,"column":12}},"type":"binary-expr","locations":[{"start":{"line":43,"column":8},"end":{"line":43,"column":12}},{"start":{"line":43,"column":17},"end":{"line":43,"column":54}}]}},"s":{"0":2,"1":2,"2":2,"3":2,"4":2,"5":3,"6":3,"7":0,"8":0,"9":0,"10":0,"11":0,"12":0,"13":0,"14":0,"15":0,"16":3,"17":3,"18":3,"19":1,"20":2,"21":1,"22":2,"23":2},"f":{"0":3,"1":3,"2":1},"b":{"0":[0,0],"1":[1,2],"2":[3,2]}}
,"/home/vladimir/workspace/nodejs/nestjs-projects/task-management/src/tasks/task-status.enum.ts": {"path":"/home/vladimir/workspace/nodejs/nestjs-projects/task-management/src/tasks/task-status.enum.ts","statementMap":{"0":{"start":{"line":1,"column":0},"end":{"line":1,"column":null}},"1":{"start":{"line":2,"column":2},"end":{"line":2,"column":null}},"2":{"start":{"line":3,"column":2},"end":{"line":3,"column":null}},"3":{"start":{"line":4,"column":2},"end":{"line":4,"column":null}}},"fnMap":{"0":{"name":"(anonymous_0)","decl":{"start":{"line":1,"column":0},"end":{"line":1,"column":12}},"loc":{"start":{"line":1,"column":22},"end":{"line":5,"column":1}}}},"branchMap":{"0":{"loc":{"start":{"line":1,"column":12},"end":{"line":1,"column":22}},"type":"binary-expr","locations":[{"start":{"line":1,"column":12},"end":{"line":1,"column":22}},{"start":{"line":1,"column":12},"end":{"line":1,"column":null}}]}},"s":{"0":4,"1":4,"2":4,"3":4},"f":{"0":4},"b":{"0":[4,4]}}
,"/home/vladimir/workspace/nodejs/nestjs-projects/task-management/src/tasks/task.entity.ts": {"path":"/home/vladimir/workspace/nodejs/nestjs-projects/task-management/src/tasks/task.entity.ts","statementMap":{"0":{"start":{"line":1,"column":0},"end":{"line":1,"column":null}},"1":{"start":{"line":8,"column":0},"end":{"line":8,"column":48}},"2":{"start":{"line":9,"column":0},"end":{"line":9,"column":43}},"3":{"start":{"line":12,"column":0},"end":{"line":30,"column":null}},"4":{"start":{"line":14,"column":2},"end":{"line":14,"column":null}},"5":{"start":{"line":17,"column":2},"end":{"line":17,"column":null}},"6":{"start":{"line":20,"column":2},"end":{"line":20,"column":null}},"7":{"start":{"line":23,"column":2},"end":{"line":23,"column":null}},"8":{"start":{"line":26,"column":2},"end":{"line":26,"column":null}},"9":{"start":{"line":25,"column":21},"end":{"line":25,"column":25}},"10":{"start":{"line":25,"column":35},"end":{"line":25,"column":45}},"11":{"start":{"line":29,"column":2},"end":{"line":29,"column":null}},"12":{"start":{"line":12,"column":13},"end":{"line":30,"column":null}},"13":{"start":{"line":12,"column":13},"end":{"line":12,"column":17}}},"fnMap":{"0":{"name":"(anonymous_2)","decl":{"start":{"line":25,"column":13},"end":{"line":25,"column":17}},"loc":{"start":{"line":25,"column":21},"end":{"line":25,"column":25}}},"1":{"name":"(anonymous_3)","decl":{"start":{"line":25,"column":27},"end":{"line":25,"column":31}},"loc":{"start":{"line":25,"column":35},"end":{"line":25,"column":45}}}},"branchMap":{},"s":{"0":4,"1":4,"2":4,"3":4,"4":4,"5":4,"6":4,"7":4,"8":4,"9":0,"10":0,"11":4,"12":4,"13":4},"f":{"0":0,"1":0},"b":{}}
,"/home/vladimir/workspace/nodejs/nestjs-projects/task-management/src/tasks/task.repository.ts": {"path":"/home/vladimir/workspace/nodejs/nestjs-projects/task-management/src/tasks/task.repository.ts","statementMap":{"0":{"start":{"line":1,"column":0},"end":{"line":1,"column":55}},"1":{"start":{"line":3,"column":0},"end":{"line":3,"column":37}},"2":{"start":{"line":5,"column":0},"end":{"line":5,"column":48}},"3":{"start":{"line":10,"column":0},"end":{"line":46,"column":null}},"4":{"start":{"line":12,"column":35},"end":{"line":12,"column":48}},"5":{"start":{"line":14,"column":17},"end":{"line":14,"column":27}},"6":{"start":{"line":15,"column":4},"end":{"line":15,"column":23}},"7":{"start":{"line":16,"column":4},"end":{"line":16,"column":35}},"8":{"start":{"line":17,"column":4},"end":{"line":17,"column":34}},"9":{"start":{"line":18,"column":4},"end":{"line":18,"column":21}},"10":{"start":{"line":19,"column":4},"end":{"line":19,"column":26}},"11":{"start":{"line":20,"column":4},"end":{"line":20,"column":21}},"12":{"start":{"line":22,"column":4},"end":{"line":22,"column":16}},"13":{"start":{"line":26,"column":31},"end":{"line":26,"column":40}},"14":{"start":{"line":28,"column":18},"end":{"line":28,"column":49}},"15":{"start":{"line":30,"column":4},"end":{"line":30,"column":62}},"16":{"start":{"line":32,"column":4},"end":{"line":34,"column":null}},"17":{"start":{"line":33,"column":6},"end":{"line":33,"column":58}},"18":{"start":{"line":36,"column":4},"end":{"line":41,"column":null}},"19":{"start":{"line":37,"column":6},"end":{"line":40,"column":8}},"20":{"start":{"line":43,"column":18},"end":{"line":43,"column":39}},"21":{"start":{"line":44,"column":4},"end":{"line":44,"column":17}},"22":{"start":{"line":10,"column":13},"end":{"line":46,"column":null}},"23":{"start":{"line":10,"column":13},"end":{"line":10,"column":27}}},"fnMap":{"0":{"name":"(anonymous_1)","decl":{"start":{"line":11,"column":2},"end":{"line":11,"column":7}},"loc":{"start":{"line":11,"column":59},"end":{"line":23,"column":3}}},"1":{"name":"(anonymous_2)","decl":{"start":{"line":25,"column":2},"end":{"line":25,"column":7}},"loc":{"start":{"line":25,"column":57},"end":{"line":45,"column":3}}}},"branchMap":{"0":{"loc":{"start":{"line":32,"column":4},"end":{"line":34,"column":null}},"type":"if","locations":[{"start":{"line":32,"column":4},"end":{"line":34,"column":null}},{"start":{"line":32,"column":4},"end":{"line":34,"column":null}}]},"1":{"loc":{"start":{"line":36,"column":4},"end":{"line":41,"column":null}},"type":"if","locations":[{"start":{"line":36,"column":4},"end":{"line":41,"column":null}},{"start":{"line":36,"column":4},"end":{"line":41,"column":null}}]}},"s":{"0":1,"1":1,"2":1,"3":1,"4":0,"5":0,"6":0,"7":0,"8":0,"9":0,"10":0,"11":0,"12":0,"13":0,"14":0,"15":0,"16":0,"17":0,"18":0,"19":0,"20":0,"21":0,"22":1,"23":1},"f":{"0":0,"1":0},"b":{"0":[0,0],"1":[0,0]}}
,"/home/vladimir/workspace/nodejs/nestjs-projects/task-management/src/tasks/tasks.service.ts": {"path":"/home/vladimir/workspace/nodejs/nestjs-projects/task-management/src/tasks/tasks.service.ts","statementMap":{"0":{"start":{"line":1,"column":0},"end":{"line":1,"column":63}},"1":{"start":{"line":6,"column":0},"end":{"line":6,"column":51}},"2":{"start":{"line":7,"column":0},"end":{"line":7,"column":51}},"3":{"start":{"line":11,"column":0},"end":{"line":56,"column":null}},"4":{"start":{"line":14,"column":12},"end":{"line":14,"column":28}},"5":{"start":{"line":18,"column":4},"end":{"line":18,"column":57}},"6":{"start":{"line":22,"column":18},"end":{"line":24,"column":6}},"7":{"start":{"line":26,"column":4},"end":{"line":28,"column":null}},"8":{"start":{"line":27,"column":6},"end":{"line":27,"column":68}},"9":{"start":{"line":30,"column":4},"end":{"line":30,"column":17}},"10":{"start":{"line":34,"column":4},"end":{"line":34,"column":63}},"11":{"start":{"line":42,"column":17},"end":{"line":42,"column":49}},"12":{"start":{"line":43,"column":4},"end":{"line":43,"column":25}},"13":{"start":{"line":44,"column":4},"end":{"line":44,"column":22}},"14":{"start":{"line":46,"column":4},"end":{"line":46,"column":16}},"15":{"start":{"line":50,"column":19},"end":{"line":50,"column":76}},"16":{"start":{"line":52,"column":4},"end":{"line":54,"column":null}},"17":{"start":{"line":53,"column":6},"end":{"line":53,"column":68}},"18":{"start":{"line":11,"column":13},"end":{"line":56,"column":null}},"19":{"start":{"line":11,"column":13},"end":{"line":11,"column":25}}},"fnMap":{"0":{"name":"(anonymous_4)","decl":{"start":{"line":12,"column":2},"end":{"line":12,"column":null}},"loc":{"start":{"line":14,"column":42},"end":{"line":15,"column":6}}},"1":{"name":"(anonymous_5)","decl":{"start":{"line":17,"column":2},"end":{"line":17,"column":10}},"loc":{"start":{"line":17,"column":51},"end":{"line":19,"column":3}}},"2":{"name":"(anonymous_6)","decl":{"start":{"line":21,"column":2},"end":{"line":21,"column":7}},"loc":{"start":{"line":21,"column":42},"end":{"line":31,"column":3}}},"3":{"name":"(anonymous_7)","decl":{"start":{"line":33,"column":2},"end":{"line":33,"column":12}},"loc":{"start":{"line":33,"column":53},"end":{"line":35,"column":3}}},"4":{"name":"(anonymous_8)","decl":{"start":{"line":37,"column":2},"end":{"line":37,"column":7}},"loc":{"start":{"line":40,"column":14},"end":{"line":47,"column":3}}},"5":{"name":"(anonymous_9)","decl":{"start":{"line":49,"column":2},"end":{"line":49,"column":7}},"loc":{"start":{"line":49,"column":41},"end":{"line":55,"column":3}}}},"branchMap":{"0":{"loc":{"start":{"line":26,"column":4},"end":{"line":28,"column":null}},"type":"if","locations":[{"start":{"line":26,"column":4},"end":{"line":28,"column":null}},{"start":{"line":26,"column":4},"end":{"line":28,"column":null}}]},"1":{"loc":{"start":{"line":52,"column":4},"end":{"line":54,"column":null}},"type":"if","locations":[{"start":{"line":52,"column":4},"end":{"line":54,"column":null}},{"start":{"line":52,"column":4},"end":{"line":54,"column":null}}]}},"s":{"0":1,"1":1,"2":1,"3":1,"4":7,"5":1,"6":2,"7":2,"8":1,"9":1,"10":1,"11":1,"12":1,"13":1,"14":1,"15":2,"16":2,"17":1,"18":1,"19":1},"f":{"0":7,"1":1,"2":2,"3":1,"4":1,"5":2},"b":{"0":[1,1],"1":[1,1]}}
}
