TN:
SF:/home/vladimir/workspace/nodejs/nestjs-projects/task-management/src/auth/jwt.strategy.ts
FN:13,(anonymous_4)
FN:23,(anonymous_5)
FNF:2
FNH:2
FNDA:2,(anonymous_4)
FNDA:2,(anonymous_5)
DA:1,1
DA:2,1
DA:3,1
DA:4,1
DA:5,1
DA:8,1
DA:12,1
DA:15,2
DA:17,2
DA:24,2
DA:25,2
DA:27,2
DA:28,1
DA:31,1
LF:14
LH:14
BRDA:19,0,0,2
BRDA:19,0,1,2
BRDA:27,1,0,1
BRDA:27,1,1,1
BRF:4
BRH:4
end_of_record
TN:
SF:/home/vladimir/workspace/nodejs/nestjs-projects/task-management/src/auth/user.entity.ts
FN:30,(anonymous_2)
FN:27,(anonymous_3)
FN:27,(anonymous_4)
FNF:3
FNH:1
FNDA:2,(anonymous_2)
FNDA:0,(anonymous_3)
FNDA:0,(anonymous_4)
DA:1,4
DA:9,4
DA:10,4
DA:13,4
DA:15,4
DA:19,4
DA:22,4
DA:25,4
DA:27,0
DA:28,4
DA:31,2
DA:32,2
LF:12
LH:11
BRF:0
BRH:0
end_of_record
TN:
SF:/home/vladimir/workspace/nodejs/nestjs-projects/task-management/src/auth/user.repository.ts
FN:13,(anonymous_1)
FN:37,(anonymous_2)
FN:50,(anonymous_3)
FNF:3
FNH:3
FNDA:3,(anonymous_1)
FNDA:3,(anonymous_2)
FNDA:1,(anonymous_3)
DA:1,2
DA:3,2
DA:5,2
DA:9,2
DA:12,2
DA:14,3
DA:16,3
DA:18,0
DA:19,0
DA:20,0
DA:21,0
DA:23,0
DA:24,0
DA:26,0
DA:27,0
DA:32,0
DA:40,3
DA:42,3
DA:43,3
DA:44,1
DA:46,2
DA:51,1
LF:22
LH:13
BRDA:26,0,0,0
BRDA:26,0,1,0
BRDA:43,1,0,1
BRDA:43,1,1,2
BRDA:43,2,0,3
BRDA:43,2,1,2
BRF:6
BRH:4
end_of_record
TN:
SF:/home/vladimir/workspace/nodejs/nestjs-projects/task-management/src/tasks/task-status.enum.ts
FN:1,(anonymous_0)
FNF:1
FNH:1
FNDA:4,(anonymous_0)
DA:1,4
DA:2,4
DA:3,4
DA:4,4
LF:4
LH:4
BRDA:1,0,0,4
BRDA:1,0,1,4
BRF:2
BRH:2
end_of_record
TN:
SF:/home/vladimir/workspace/nodejs/nestjs-projects/task-management/src/tasks/task.entity.ts
FN:25,(anonymous_2)
FN:25,(anonymous_3)
FNF:2
FNH:0
FNDA:0,(anonymous_2)
FNDA:0,(anonymous_3)
DA:1,4
DA:8,4
DA:9,4
DA:12,4
DA:14,4
DA:17,4
DA:20,4
DA:23,4
DA:25,0
DA:26,4
DA:29,4
LF:11
LH:10
BRF:0
BRH:0
end_of_record
TN:
SF:/home/vladimir/workspace/nodejs/nestjs-projects/task-management/src/tasks/task.repository.ts
FN:11,(anonymous_1)
FN:25,(anonymous_2)
FNF:2
FNH:0
FNDA:0,(anonymous_1)
FNDA:0,(anonymous_2)
DA:1,1
DA:3,1
DA:5,1
DA:10,1
DA:12,0
DA:14,0
DA:15,0
DA:16,0
DA:17,0
DA:18,0
DA:19,0
DA:20,0
DA:22,0
DA:26,0
DA:28,0
DA:30,0
DA:32,0
DA:33,0
DA:36,0
DA:37,0
DA:43,0
DA:44,0
LF:22
LH:4
BRDA:32,0,0,0
BRDA:32,0,1,0
BRDA:36,1,0,0
BRDA:36,1,1,0
BRF:4
BRH:0
end_of_record
TN:
SF:/home/vladimir/workspace/nodejs/nestjs-projects/task-management/src/tasks/tasks.service.ts
FN:12,(anonymous_4)
FN:17,(anonymous_5)
FN:21,(anonymous_6)
FN:33,(anonymous_7)
FN:37,(anonymous_8)
FN:49,(anonymous_9)
FNF:6
FNH:6
FNDA:7,(anonymous_4)
FNDA:1,(anonymous_5)
FNDA:2,(anonymous_6)
FNDA:1,(anonymous_7)
FNDA:1,(anonymous_8)
FNDA:2,(anonymous_9)
DA:1,1
DA:6,1
DA:7,1
DA:11,1
DA:14,7
DA:18,1
DA:22,2
DA:26,2
DA:27,1
DA:30,1
DA:34,1
DA:42,1
DA:43,1
DA:44,1
DA:46,1
DA:50,2
DA:52,2
DA:53,1
LF:18
LH:18
BRDA:26,0,0,1
BRDA:26,0,1,1
BRDA:52,1,0,1
BRDA:52,1,1,1
BRF:4
BRH:4
end_of_record
